    Start 1: oqs_signatures
1/7 Test #1: oqs_signatures ...................   Passed
    Start 2: oqs_kems
2/7 Test #2: oqs_kems .........................   Passed
    Start 3: oqs_libctx
3/7 Test #3: oqs_libctx .......................   Passed
    Start 4: oqs_groups
4/7 Test #4: oqs_groups .......................   Passed
    Start 5: oqs_tlssig
5/7 Test #5: oqs_tlssig .......................   Passed
    Start 6: oqs_endecode
6/7 Test #6: oqs_endecode .....................   Passed
    Start 7: oqs_evp_pkey_params
7/7 Test #7: oqs_evp_pkey_params ..............   Passed

100% tests passed, 0 tests failed out of 7

Total Test time (real) =
